\BOOKMARK [0][-]{chapter.1}{\376\377\000I\000n\000t\000r\000o\000d\000u\000z\000i\000o\000n\000e\000\040\000a\000i\000\040\000S\000i\000s\000t\000e\000m\000i\000\040\000O\000p\000e\000r\000a\000t\000i\000v\000i}{}% 1
\BOOKMARK [1][-]{section.1.1}{\376\377\000C\000o\000s\000'\000\350\000\040\000u\000n\000\040\000s\000i\000s\000t\000e\000m\000a\000\040\000o\000p\000e\000r\000a\000t\000i\000v\000o\000?\000\040}{chapter.1}% 2
\BOOKMARK [2][-]{subsection.1.1.1}{\376\377\000T\000i\000p\000i\000\040\000d\000i\000\040\000s\000i\000s\000t\000e\000m\000i}{section.1.1}% 3
\BOOKMARK [1][-]{section.1.2}{\376\377\000C\000o\000n\000c\000e\000t\000t\000i\000\040\000b\000a\000s\000e\000\040\000d\000i\000\040\000a\000r\000c\000h\000i\000t\000e\000t\000t\000u\000r\000e\000\040\000d\000e\000g\000l\000i\000\040\000e\000l\000a\000b\000o\000r\000a\000t\000o\000r\000i}{chapter.1}% 4
\BOOKMARK [2][-]{subsection.1.2.1}{\376\377\000I\000n\000t\000e\000r\000r\000u\000p\000t}{section.1.2}% 5
\BOOKMARK [2][-]{subsection.1.2.2}{\376\377\000C\000o\000m\000u\000n\000i\000c\000a\000z\000i\000o\000n\000e\000\040\000f\000r\000a\000\040\000p\000r\000o\000c\000e\000s\000s\000o\000r\000e\000\040\000e\000\040\000d\000i\000s\000p\000o\000s\000i\000t\000i\000v\000i\000\040\000d\000i\000\040\000I\000/\000O}{section.1.2}% 6
\BOOKMARK [2][-]{subsection.1.2.3}{\376\377\000M\000e\000m\000o\000r\000i\000a}{section.1.2}% 7
\BOOKMARK [2][-]{subsection.1.2.4}{\376\377\000P\000r\000o\000t\000e\000z\000i\000o\000n\000e\000\040\000H\000a\000r\000d\000w\000a\000r\000e}{section.1.2}% 8
\BOOKMARK [1][-]{section.1.3}{\376\377\000S\000t\000r\000u\000t\000t\000u\000r\000a\000\040\000d\000e\000i\000\040\000s\000i\000s\000t\000e\000m\000i\000\040\000o\000p\000e\000r\000a\000t\000i\000v\000i\000\040\000\050\000p\000a\000n\000o\000r\000a\000m\000i\000c\000a\000\051}{chapter.1}% 9
\BOOKMARK [2][-]{subsection.1.3.1}{\376\377\000A\000r\000c\000h\000i\000t\000e\000t\000t\000u\000r\000a\000\040\000d\000e\000i\000\040\000s\000i\000s\000t\000e\000m\000i\000\040\000o\000p\000e\000r\000a\000t\000i\000v\000i}{section.1.3}% 10
\BOOKMARK [2][-]{subsection.1.3.2}{\376\377\000S\000y\000s\000t\000e\000m\000\040\000C\000a\000l\000l}{section.1.3}% 11
\BOOKMARK [2][-]{subsection.1.3.3}{\376\377\000F\000i\000l\000e\000\040\000S\000p\000e\000c\000i\000a\000l\000i\000\040\000\050\000U\000N\000I\000X\000\051}{section.1.3}% 12
\BOOKMARK [0][-]{chapter.2}{\376\377\000S\000c\000h\000e\000d\000u\000l\000i\000n\000g}{}% 13
\BOOKMARK [1][-]{section.2.1}{\376\377\000S\000c\000h\000e\000d\000u\000l\000e\000r\000,\000\040\000P\000r\000o\000c\000e\000s\000s\000i\000\040\000e\000\040\000T\000h\000r\000e\000a\000d}{chapter.2}% 14
\BOOKMARK [2][-]{subsection.2.1.1}{\376\377\000I\000n\000t\000r\000o\000d\000u\000z\000i\000o\000n\000e}{section.2.1}% 15
\BOOKMARK [2][-]{subsection.2.1.2}{\376\377\000D\000e\000s\000c\000r\000i\000t\000t\000o\000r\000i\000\040\000d\000e\000i\000\040\000p\000r\000o\000c\000e\000s\000s\000i}{section.2.1}% 16
\BOOKMARK [2][-]{subsection.2.1.3}{\376\377\000S\000c\000h\000e\000d\000u\000l\000e\000r}{section.2.1}% 17
\BOOKMARK [2][-]{subsection.2.1.4}{\376\377\000M\000o\000d\000e\000\040\000s\000w\000i\000t\000c\000h\000i\000n\000g\000\040\000e\000\040\000C\000o\000n\000t\000e\000x\000t\000\040\000s\000w\000i\000t\000c\000h\000i\000n\000g}{section.2.1}% 18
\BOOKMARK [2][-]{subsection.2.1.5}{\376\377\000P\000r\000o\000c\000e\000s\000s\000i\000\040\000e\000\040\000T\000h\000r\000e\000a\000d}{section.2.1}% 19
\BOOKMARK [2][-]{subsection.2.1.6}{\376\377\000M\000u\000l\000t\000i\000t\000h\000r\000e\000a\000d\000i\000n\000g}{section.2.1}% 20
\BOOKMARK [1][-]{section.2.2}{\376\377\000S\000c\000h\000e\000d\000u\000l\000e}{chapter.2}% 21
\BOOKMARK [2][-]{subsection.2.2.1}{\376\377\000R\000a\000p\000p\000r\000e\000s\000e\000n\000t\000a\000z\000i\000o\000n\000e\000\040\000d\000e\000g\000l\000i\000\040\000s\000c\000h\000e\000d\000u\000l\000e}{section.2.2}% 22
\BOOKMARK [1][-]{section.2.3}{\376\377\000A\000l\000g\000o\000r\000i\000t\000m\000i\000\040\000d\000i\000\040\000s\000c\000h\000e\000d\000u\000l\000i\000n\000g}{chapter.2}% 23
\BOOKMARK [2][-]{subsection.2.3.1}{\376\377\000F\000i\000r\000s\000t\000\040\000C\000o\000m\000e\000,\000\040\000F\000i\000r\000s\000t\000\040\000S\000e\000r\000v\000e\000d\000\040\000\050\000F\000C\000F\000S\000\051}{section.2.3}% 24
\BOOKMARK [2][-]{subsection.2.3.2}{\376\377\000S\000h\000o\000r\000t\000e\000s\000t\000\040\000J\000o\000b\000\040\000F\000i\000r\000s\000t\000\040\000\050\000S\000J\000F\000\051}{section.2.3}% 25
\BOOKMARK [2][-]{subsection.2.3.3}{\376\377\000R\000o\000u\000n\000d\000-\000R\000o\000b\000i\000n}{section.2.3}% 26
\BOOKMARK [2][-]{subsection.2.3.4}{\376\377\000S\000c\000h\000e\000d\000u\000l\000i\000n\000g\000\040\000a\000\040\000p\000r\000i\000o\000r\000i\000t\000\340}{section.2.3}% 27
\BOOKMARK [2][-]{subsection.2.3.5}{\376\377\000S\000c\000h\000e\000d\000u\000l\000i\000n\000g\000\040\000a\000\040\000c\000l\000a\000s\000s\000i\000\040\000d\000i\000\040\000p\000r\000i\000o\000r\000i\000t\000\340}{section.2.3}% 28
\BOOKMARK [2][-]{subsection.2.3.6}{\376\377\000S\000c\000h\000e\000d\000u\000l\000i\000n\000g\000\040\000m\000u\000l\000t\000i\000l\000i\000v\000e\000l\000l\000o}{section.2.3}% 29
\BOOKMARK [1][-]{section.2.4}{\376\377\000S\000c\000h\000e\000d\000u\000l\000i\000n\000g\000\040\000R\000e\000a\000l\000-\000T\000i\000m\000e}{chapter.2}% 30
\BOOKMARK [2][-]{subsection.2.4.1}{\376\377\000E\000s\000e\000m\000p\000i\000\040\000d\000i\000\040\000S\000c\000h\000e\000d\000u\000l\000e\000r\000\040\000R\000T}{section.2.4}% 31
\BOOKMARK [0][-]{chapter.3}{\376\377\000C\000o\000n\000c\000o\000r\000r\000e\000n\000z\000a}{}% 32
\BOOKMARK [1][-]{section.3.1}{\376\377\000I\000n\000t\000r\000o\000d\000u\000z\000i\000o\000n\000e\000\040\000a\000l\000l\000a\000\040\000c\000o\000n\000c\000o\000r\000r\000e\000n\000z\000a}{chapter.3}% 33
\BOOKMARK [2][-]{subsection.3.1.1}{\376\377\000M\000o\000d\000e\000l\000l\000o\000\040\000c\000o\000n\000c\000o\000r\000r\000e\000n\000t\000e}{section.3.1}% 34
\BOOKMARK [2][-]{subsection.3.1.2}{\376\377\000P\000r\000o\000c\000e\000s\000s\000i}{section.3.1}% 35
\BOOKMARK [2][-]{subsection.3.1.3}{\376\377\000M\000u\000l\000t\000i\000p\000r\000o\000g\000r\000a\000m\000m\000i\000n\000g\000\040\000e\000\040\000m\000u\000l\000t\000i\000p\000r\000o\000c\000e\000s\000s\000i\000n\000g}{section.3.1}% 36
\BOOKMARK [1][-]{section.3.2}{\376\377\000I\000n\000t\000e\000r\000a\000z\000i\000o\000n\000i\000\040\000t\000r\000a\000\040\000p\000r\000o\000c\000e\000s\000s\000i}{chapter.3}% 37
\BOOKMARK [2][-]{subsection.3.2.1}{\376\377\000T\000i\000p\000i\000\040\000d\000i\000\040\000i\000n\000t\000e\000r\000a\000z\000i\000o\000n\000e}{section.3.2}% 38
\BOOKMARK [2][-]{subsection.3.2.2}{\376\377\000P\000r\000o\000p\000r\000i\000e\000t\000\340\000\040\000f\000o\000n\000d\000a\000m\000e\000n\000t\000a\000l\000i}{section.3.2}% 39
\BOOKMARK [2][-]{subsection.3.2.3}{\376\377\000M\000u\000t\000u\000a\000\040\000e\000s\000c\000l\000u\000s\000i\000o\000n\000e}{section.3.2}% 40
\BOOKMARK [2][-]{subsection.3.2.4}{\376\377\000D\000e\000a\000d\000l\000o\000c\000k\000\040\000\050\000s\000t\000a\000l\000l\000o\000\051}{section.3.2}% 41
\BOOKMARK [2][-]{subsection.3.2.5}{\376\377\000S\000t\000a\000r\000v\000a\000t\000i\000o\000n\000\040\000\050\000i\000n\000e\000d\000i\000a\000\051}{section.3.2}% 42
\BOOKMARK [2][-]{subsection.3.2.6}{\376\377\000A\000z\000i\000o\000n\000i\000\040\000a\000t\000o\000m\000i\000c\000h\000e}{section.3.2}% 43
\BOOKMARK [1][-]{section.3.3}{\376\377\000S\000e\000z\000i\000o\000n\000i\000\040\000c\000r\000i\000t\000i\000c\000h\000e}{chapter.3}% 44
\BOOKMARK [2][-]{subsection.3.3.1}{\376\377\000T\000e\000c\000n\000i\000c\000h\000e\000\040\000s\000o\000f\000t\000w\000a\000r\000e\000:\000\040\000A\000l\000g\000o\000r\000i\000t\000m\000o\000\040\000d\000i\000\040\000D\000e\000k\000k\000e\000r}{section.3.3}% 45
\BOOKMARK [2][-]{subsection.3.3.2}{\376\377\000T\000e\000c\000n\000i\000c\000h\000e\000\040\000s\000o\000f\000t\000w\000a\000r\000e\000:\000\040\000A\000l\000g\000o\000r\000i\000t\000m\000o\000\040\000d\000i\000\040\000P\000e\000t\000e\000r\000s\000o\000n}{section.3.3}% 46
\BOOKMARK [2][-]{subsection.3.3.3}{\376\377\000A\000l\000g\000o\000r\000i\000t\000m\000o\000\040\000d\000i\000\040\000P\000e\000t\000e\000r\000s\000o\000n\000\040\040\023\000\040\000G\000e\000n\000e\000r\000a\000l\000i\000z\000z\000a\000z\000i\000o\000n\000e\000\040\000p\000e\000r\000\040\000N\000\040\000p\000r\000o\000c\000e\000s\000s\000i}{section.3.3}% 47
\BOOKMARK [2][-]{subsection.3.3.4}{\376\377\000T\000e\000c\000n\000i\000c\000h\000e\000\040\000h\000a\000r\000d\000w\000a\000r\000e\000:\000\040\000d\000i\000s\000a\000b\000i\000l\000i\000t\000a\000z\000i\000o\000n\000e\000\040\000i\000n\000t\000e\000r\000r\000u\000p\000t\000,\000\040\000i\000s\000t\000r\000u\000z\000i\000o\000n\000i\000\040\000s\000p\000e\000c\000i\000a\000l\000i}{section.3.3}% 48
\BOOKMARK [1][-]{section.3.4}{\376\377\000S\000e\000m\000a\000f\000o\000r\000i}{chapter.3}% 49
\BOOKMARK [2][-]{subsection.3.4.1}{\376\377\000D\000e\000f\000i\000n\000i\000z\000i\000o\000n\000e}{section.3.4}% 50
\BOOKMARK [2][-]{subsection.3.4.2}{\376\377\000I\000m\000p\000l\000e\000m\000e\000n\000t\000a\000z\000i\000o\000n\000e}{section.3.4}% 51
\BOOKMARK [2][-]{subsection.3.4.3}{\376\377\000S\000e\000m\000a\000f\000o\000r\000i\000\040\000b\000i\000n\000a\000r\000i}{section.3.4}% 52
\BOOKMARK [1][-]{section.3.5}{\376\377\000P\000r\000o\000b\000l\000e\000m\000i\000\040\000c\000l\000a\000s\000s\000i\000c\000i}{chapter.3}% 53
\BOOKMARK [2][-]{subsection.3.5.1}{\376\377\000P\000r\000o\000d\000u\000c\000e\000r\000/\000C\000o\000n\000s\000u\000m\000e\000r}{section.3.5}% 54
\BOOKMARK [2][-]{subsection.3.5.2}{\376\377\000B\000o\000u\000n\000d\000e\000d\000\040\000B\000u\000f\000f\000e\000r}{section.3.5}% 55
\BOOKMARK [2][-]{subsection.3.5.3}{\376\377\000C\000e\000n\000a\000\040\000d\000e\000i\000\040\000F\000i\000l\000o\000s\000o\000f\000i}{section.3.5}% 56
\BOOKMARK [2][-]{subsection.3.5.4}{\376\377\000L\000e\000t\000t\000o\000r\000i\000\040\000e\000\040\000s\000c\000r\000i\000t\000t\000o\000r\000i}{section.3.5}% 57
\BOOKMARK [2][-]{subsection.3.5.5}{\376\377\000C\000o\000m\000e\000\040\000d\000e\000r\000i\000v\000a\000r\000e\000\040\000u\000n\000a\000\040\000s\000o\000l\000u\000z\000i\000o\000n\000e\000\040\000b\000a\000s\000a\000t\000a\000\040\000s\000u\000\040\000s\000e\000m\000a\000f\000o\000r\000i}{section.3.5}% 58
\BOOKMARK [1][-]{section.3.6}{\376\377\000C\000o\000n\000d\000i\000t\000i\000o\000n\000a\000l\000\040\000C\000r\000i\000t\000i\000c\000a\000l\000\040\000R\000e\000g\000i\000o\000n\000s\000\040\000\050\000C\000C\000R\000\051}{chapter.3}% 59
\BOOKMARK [2][-]{subsection.3.6.1}{\376\377\000I\000n\000t\000r\000o\000d\000u\000z\000i\000o\000n\000e}{section.3.6}% 60
\BOOKMARK [2][-]{subsection.3.6.2}{\376\377\000C\000C\000R\000\040\000t\000r\000a\000m\000i\000t\000e\000\040\000s\000e\000m\000a\000f\000o\000r\000i\000\040\000\050\000p\000a\000s\000s\000i\000n\000g\000\040\000t\000h\000e\000\040\000b\000a\000t\000o\000n\000\051}{section.3.6}% 61
\BOOKMARK [2][-]{subsection.3.6.3}{\376\377\000I\000m\000p\000l\000e\000m\000e\000n\000t\000a\000z\000i\000o\000n\000e\000\040\000d\000i\000\040\000s\000e\000m\000a\000f\000o\000r\000i\000\040\000t\000r\000a\000m\000i\000t\000e\000\040\000C\000C\000R}{section.3.6}% 62
\BOOKMARK [2][-]{subsection.3.6.4}{\376\377\000C\000C\000R\000\040\000-\000\040\000P\000r\000o\000d\000u\000t\000t\000o\000r\000e\000\040\000/\000\040\000C\000o\000n\000s\000u\000m\000a\000t\000o\000r\000e}{section.3.6}% 63
\BOOKMARK [2][-]{subsection.3.6.5}{\376\377\000C\000C\000R\000\040\000-\000\040\000F\000i\000l\000o\000s\000o\000f\000i\000\040\000a\000\040\000c\000e\000n\000a}{section.3.6}% 64
\BOOKMARK [2][-]{subsection.3.6.6}{\376\377\000C\000C\000R\000\040\000-\000\040\000R\000/\000W\000\040\000P\000r\000i\000o\000r\000i\000t\000\340\000\040\000a\000i\000\040\000l\000e\000t\000t\000o\000r\000i}{section.3.6}% 65
\BOOKMARK [2][-]{subsection.3.6.7}{\376\377\000C\000C\000R\000\040\000-\000\040\000R\000/\000W\000\040\000P\000r\000i\000o\000r\000i\000t\000\340\000\040\000a\000g\000l\000i\000\040\000s\000c\000r\000i\000t\000t\000o\000r\000i}{section.3.6}% 66
\BOOKMARK [2][-]{subsection.3.6.8}{\376\377\000C\000C\000R\000\040\000-\000\040\000B\000o\000u\000n\000d\000e\000d\000\040\000b\000u\000f\000f\000e\000r\000\040\000\050\000a\000c\000c\000e\000s\000s\000o\000\040\000e\000s\000c\000l\000u\000s\000i\000v\000o\000\051}{section.3.6}% 67
\BOOKMARK [1][-]{section.3.7}{\376\377\000M\000o\000n\000i\000t\000o\000r}{chapter.3}% 68
\BOOKMARK [2][-]{subsection.3.7.1}{\376\377\000I\000n\000t\000r\000o\000d\000u\000z\000i\000o\000n\000e}{section.3.7}% 69
\BOOKMARK [2][-]{subsection.3.7.2}{\376\377\000I\000m\000p\000l\000e\000m\000e\000n\000t\000a\000z\000i\000o\000n\000e\000\040\000d\000e\000i\000\040\000s\000e\000m\000a\000f\000o\000r\000i}{section.3.7}% 70
\BOOKMARK [2][-]{subsection.3.7.3}{\376\377\000M\000o\000n\000i\000t\000o\000r\000\040\000-\000\040\000R\000/\000W}{section.3.7}% 71
\BOOKMARK [2][-]{subsection.3.7.4}{\376\377\000M\000o\000n\000i\000t\000o\000r\000\040\000-\000\040\000P\000r\000o\000d\000u\000t\000t\000o\000r\000e\000\040\000/\000\040\000c\000o\000n\000s\000u\000m\000a\000t\000o\000r\000e}{section.3.7}% 72
\BOOKMARK [2][-]{subsection.3.7.5}{\376\377\000M\000o\000n\000i\000t\000o\000r\000\040\000-\000\040\000B\000u\000f\000f\000e\000r\000\040\000l\000i\000m\000i\000t\000a\000t\000o\000\040}{section.3.7}% 73
\BOOKMARK [2][-]{subsection.3.7.6}{\376\377\000M\000o\000n\000i\000t\000o\000r\000\040\000-\000\040\000F\000i\000l\000o\000s\000o\000f\000i\000\040\000a\000\040\000c\000e\000n\000a\000\040\000\050\000n\000o\000\040\000d\000e\000a\000d\000l\000o\000c\000k\000\051}{section.3.7}% 74
\BOOKMARK [2][-]{subsection.3.7.7}{\376\377\000I\000m\000p\000l\000e\000m\000e\000n\000t\000a\000z\000i\000o\000n\000e\000\040\000d\000e\000i\000\040\000m\000o\000n\000i\000t\000o\000r\000\040\000t\000r\000a\000m\000i\000t\000e\000\040\000s\000e\000m\000a\000f\000o\000r\000i}{section.3.7}% 75
\BOOKMARK [1][-]{section.3.8}{\376\377\000M\000e\000s\000s\000a\000g\000e\000\040\000p\000a\000s\000s\000i\000n\000g}{chapter.3}% 76
\BOOKMARK [2][-]{subsection.3.8.1}{\376\377\000I\000n\000t\000r\000o\000d\000u\000z\000i\000o\000n\000e}{section.3.8}% 77
\BOOKMARK [2][-]{subsection.3.8.2}{\376\377\000M\000P\000\040\000s\000i\000n\000c\000r\000o\000n\000o}{section.3.8}% 78
\BOOKMARK [2][-]{subsection.3.8.3}{\376\377\000M\000P\000\040\000a\000s\000i\000n\000c\000r\000o\000n\000o}{section.3.8}% 79
\BOOKMARK [2][-]{subsection.3.8.4}{\376\377\000M\000P\000\040\000c\000o\000m\000p\000l\000e\000t\000a\000m\000e\000n\000t\000e\000\040\000a\000s\000i\000n\000c\000r\000o\000n\000o}{section.3.8}% 80
\BOOKMARK [2][-]{subsection.3.8.5}{\376\377\000M\000P\000\040\000s\000i\000n\000c\000r\000o\000n\000o\000\040\000d\000a\000t\000o\000\040\000q\000u\000e\000l\000l\000o\000\040\000a\000s\000i\000n\000c\000r\000o\000n\000o}{section.3.8}% 81
\BOOKMARK [2][-]{subsection.3.8.6}{\376\377\000M\000e\000s\000s\000a\000g\000e\000\040\000P\000a\000s\000s\000i\000n\000g\000\040\000-\000\040\000F\000i\000l\000o\000s\000o\000f\000i\000\040\000a\000\040\000c\000e\000n\000a}{section.3.8}% 82
\BOOKMARK [2][-]{subsection.3.8.7}{\376\377\000M\000e\000s\000s\000a\000g\000e\000\040\000P\000a\000s\000s\000i\000n\000g\000\040\000-\000\040\000P\000r\000o\000d\000u\000t\000t\000o\000r\000i\000\040\000e\000\040\000c\000o\000n\000s\000u\000m\000a\000t\000o\000r\000i}{section.3.8}% 83
\BOOKMARK [1][-]{section.3.9}{\376\377\000C\000o\000n\000c\000l\000u\000s\000i\000o\000n\000i}{chapter.3}% 84
\BOOKMARK [2][-]{subsection.3.9.1}{\376\377\000R\000i\000a\000s\000s\000u\000n\000t\000o}{section.3.9}% 85
\BOOKMARK [2][-]{subsection.3.9.2}{\376\377\000P\000o\000t\000e\000r\000e\000\040\000e\000s\000p\000r\000e\000s\000s\000i\000v\000o}{section.3.9}% 86
\BOOKMARK [0][-]{chapter.4}{\376\377\000R\000i\000s\000o\000r\000s\000e}{}% 87
\BOOKMARK [1][-]{section.4.1}{\376\377\000I\000n\000t\000r\000o\000d\000u\000z\000i\000o\000n\000e}{chapter.4}% 88
\BOOKMARK [2][-]{subsection.4.1.1}{\376\377\000C\000l\000a\000s\000s\000i\000\040\000d\000i\000\040\000r\000i\000s\000o\000r\000s\000e}{section.4.1}% 89
\BOOKMARK [2][-]{subsection.4.1.2}{\376\377\000R\000i\000s\000o\000r\000s\000e\000\040\000n\000o\000n\000\040\000p\000r\000e\000r\000i\000l\000a\000s\000c\000i\000a\000b\000i\000l\000i}{section.4.1}% 90
\BOOKMARK [1][-]{section.4.2}{\376\377\000D\000e\000a\000d\000l\000o\000c\000k}{chapter.4}% 91
\BOOKMARK [2][-]{subsection.4.2.1}{\376\377\000C\000o\000n\000d\000i\000z\000i\000o\000n\000i\000\040\000p\000e\000r\000\040\000a\000v\000e\000r\000e\000\040\000d\000e\000a\000d\000l\000o\000c\000k}{section.4.2}% 92
\BOOKMARK [2][-]{subsection.4.2.2}{\376\377\000G\000r\000a\000f\000o\000\040\000d\000i\000\040\000H\000o\000l\000t}{section.4.2}% 93
\BOOKMARK [1][-]{section.4.3}{\376\377\000M\000e\000t\000o\000d\000i\000\040\000d\000i\000\040\000g\000e\000s\000t\000i\000o\000n\000e\000\040\000d\000e\000i\000\040\000d\000e\000a\000d\000l\000o\000c\000k}{chapter.4}% 94
\BOOKMARK [2][-]{subsection.4.3.1}{\376\377\000D\000e\000a\000d\000l\000o\000c\000k\000\040\000d\000e\000t\000e\000c\000t\000i\000o\000n}{section.4.3}% 95
\BOOKMARK [2][-]{subsection.4.3.2}{\376\377\000D\000e\000a\000d\000l\000o\000c\000k\000\040\000r\000e\000c\000o\000v\000e\000r\000y}{section.4.3}% 96
\BOOKMARK [2][-]{subsection.4.3.3}{\376\377\000D\000e\000a\000d\000l\000o\000c\000k\000\040\000p\000r\000e\000v\000e\000n\000t\000i\000o\000n\000\040\000e\000\040\000a\000v\000o\000i\000d\000a\000n\000c\000e}{section.4.3}% 97
\BOOKMARK [1][-]{section.4.4}{\376\377\000A\000l\000g\000o\000r\000i\000t\000m\000o\000\040\000d\000e\000l\000\040\000B\000a\000n\000c\000h\000i\000e\000r\000e}{chapter.4}% 98
\BOOKMARK [2][-]{subsection.4.4.1}{\376\377\000A\000l\000g\000o\000r\000i\000t\000m\000o\000\040\000d\000e\000l\000\040\000B\000a\000n\000c\000h\000i\000e\000r\000e\000\040\000S\000i\000n\000g\000o\000l\000a\000\040\000v\000a\000l\000u\000t\000a}{section.4.4}% 99
\BOOKMARK [2][-]{subsection.4.4.2}{\376\377\000A\000l\000g\000o\000r\000i\000t\000m\000o\000\040\000d\000e\000l\000\040\000B\000a\000n\000c\000h\000i\000e\000r\000e\000\040\000M\000u\000l\000t\000i\000v\000a\000l\000u\000t\000a}{section.4.4}% 100
\BOOKMARK [0][-]{chapter.5}{\376\377\000M\000e\000m\000o\000r\000i\000a}{}% 101
\BOOKMARK [1][-]{section.5.1}{\376\377\000B\000i\000n\000d\000i\000n\000g\000,\000\040\000l\000o\000a\000d\000i\000n\000g\000,\000\040\000l\000i\000n\000k\000i\000n\000g}{chapter.5}% 102
\BOOKMARK [2][-]{subsection.5.1.1}{\376\377\000B\000i\000n\000d\000i\000n\000g}{section.5.1}% 103
\BOOKMARK [2][-]{subsection.5.1.2}{\376\377\000L\000o\000a\000d\000i\000n\000g\000\040\000D\000i\000n\000a\000m\000i\000c\000o}{section.5.1}% 104
\BOOKMARK [2][-]{subsection.5.1.3}{\376\377\000L\000i\000n\000k\000i\000n\000g\000\040\000s\000t\000a\000t\000i\000c\000o}{section.5.1}% 105
\BOOKMARK [2][-]{subsection.5.1.4}{\376\377\000L\000i\000n\000k\000i\000n\000g\000\040\000d\000i\000n\000a\000m\000i\000c\000o}{section.5.1}% 106
\BOOKMARK [1][-]{section.5.2}{\376\377\000A\000l\000l\000o\000c\000a\000z\000i\000o\000n\000e}{chapter.5}% 107
\BOOKMARK [2][-]{subsection.5.2.1}{\376\377\000D\000e\000f\000i\000n\000i\000z\000i\000o\000n\000i}{section.5.2}% 108
\BOOKMARK [2][-]{subsection.5.2.2}{\376\377\000A\000l\000l\000o\000c\000a\000z\000i\000o\000n\000e\000\040\000a\000\040\000p\000a\000r\000t\000i\000z\000i\000o\000n\000i\000\040\000f\000i\000s\000s\000e}{section.5.2}% 109
\BOOKMARK [2][-]{subsection.5.2.3}{\376\377\000A\000l\000l\000o\000c\000a\000z\000i\000o\000n\000e\000\040\000a\000\040\000p\000a\000r\000t\000i\000z\000i\000o\000n\000i\000\040\000d\000i\000n\000a\000m\000i\000c\000h\000e}{section.5.2}% 110
\BOOKMARK [2][-]{subsection.5.2.4}{\376\377\000C\000o\000m\000p\000a\000t\000t\000a\000z\000i\000o\000n\000e}{section.5.2}% 111
\BOOKMARK [1][-]{section.5.3}{\376\377\000P\000a\000g\000i\000n\000a\000z\000i\000o\000n\000e}{chapter.5}% 112
\BOOKMARK [2][-]{subsection.5.3.1}{\376\377\000I\000n\000t\000r\000o\000d\000u\000z\000i\000o\000n\000e}{section.5.3}% 113
\BOOKMARK [2][-]{subsection.5.3.2}{\376\377\000T\000r\000a\000n\000s\000l\000a\000t\000i\000o\000n\000\040\000l\000o\000o\000k\000a\000s\000i\000d\000e\000\040\000b\000u\000f\000f\000e\000r\000\040\000\050\000T\000L\000B\000\051}{section.5.3}% 114
\BOOKMARK [1][-]{section.5.4}{\376\377\000S\000e\000g\000m\000e\000n\000t\000a\000z\000i\000o\000n\000e}{chapter.5}% 115
\BOOKMARK [2][-]{subsection.5.4.1}{\376\377\000I\000n\000t\000r\000o\000d\000u\000z\000i\000o\000n\000e\000\040\000e\000\040\000c\000o\000n\000f\000r\000o\000n\000t\000i}{section.5.4}% 116
\BOOKMARK [1][-]{section.5.5}{\376\377\000M\000e\000m\000o\000r\000i\000a\000\040\000v\000i\000r\000t\000u\000a\000l\000e}{chapter.5}% 117
\BOOKMARK [2][-]{subsection.5.5.1}{\376\377\000I\000n\000t\000r\000o\000d\000u\000z\000i\000o\000n\000e}{section.5.5}% 118
\BOOKMARK [2][-]{subsection.5.5.2}{\376\377\000P\000a\000g\000e\000r\000/\000s\000w\000a\000p\000p\000e\000r}{section.5.5}% 119
\BOOKMARK [2][-]{subsection.5.5.3}{\376\377\000G\000e\000s\000t\000i\000o\000n\000e\000\040\000d\000e\000i\000\040\000p\000a\000g\000e\000\040\000f\000a\000u\000l\000t}{section.5.5}% 120
\BOOKMARK [2][-]{subsection.5.5.4}{\376\377\000A\000l\000g\000o\000r\000i\000t\000m\000o\000\040\000d\000e\000l\000\040\000m\000e\000c\000c\000a\000n\000i\000s\000m\000o\000\040\000d\000i\000\040\000d\000e\000m\000a\000n\000d\000\040\000p\000a\000g\000i\000n\000g}{section.5.5}% 121
\BOOKMARK [2][-]{subsection.5.5.5}{\376\377\000A\000l\000g\000o\000r\000i\000t\000m\000i\000\040\000d\000i\000\040\000r\000i\000m\000p\000i\000a\000z\000z\000a\000m\000e\000n\000t\000o}{section.5.5}% 122
\BOOKMARK [2][-]{subsection.5.5.6}{\376\377\000A\000l\000g\000o\000r\000i\000t\000m\000o\000\040\000L\000R\000U\000\040\000\050\000L\000e\000a\000s\000t\000\040\000R\000e\000c\000e\000n\000t\000l\000y\000\040\000U\000s\000e\000d\000\051}{section.5.5}% 123
\BOOKMARK [2][-]{subsection.5.5.7}{\376\377\000A\000l\000l\000o\000c\000a\000z\000i\000o\000n\000e}{section.5.5}% 124
\BOOKMARK [0][-]{chapter.6}{\376\377\000F\000i\000l\000e\000\040\000S\000y\000s\000t\000e\000m}{}% 125
\BOOKMARK [1][-]{section.6.1}{\376\377\000I\000n\000t\000r\000o\000d\000u\000z\000i\000o\000n\000e}{chapter.6}% 126
\BOOKMARK [2][-]{subsection.6.1.1}{\376\377\000D\000i\000r\000e\000c\000t\000o\000r\000y}{section.6.1}% 127
\BOOKMARK [2][-]{subsection.6.1.2}{\376\377\000S\000t\000r\000u\000t\000t\000u\000r\000e\000\040\000d\000e\000l\000l\000e\000\040\000d\000i\000r\000e\000c\000t\000o\000r\000y}{section.6.1}% 128
\BOOKMARK [1][-]{section.6.2}{\376\377\000V\000i\000s\000i\000o\000n\000e\000\040\000i\000m\000p\000l\000e\000m\000e\000n\000t\000a\000z\000i\000o\000n\000e}{chapter.6}% 129
\BOOKMARK [2][-]{subsection.6.2.1}{\376\377\000O\000r\000g\000a\000n\000i\000z\000z\000a\000z\000i\000o\000n\000e\000\040\000d\000e\000l\000\040\000d\000i\000s\000c\000o}{section.6.2}% 130
\BOOKMARK [2][-]{subsection.6.2.2}{\376\377\000A\000l\000l\000o\000c\000a\000z\000i\000o\000n\000e}{section.6.2}% 131
\BOOKMARK [2][-]{subsection.6.2.3}{\376\377\000G\000e\000s\000t\000i\000o\000n\000e\000\040\000s\000p\000a\000z\000i\000o\000\040\000l\000i\000b\000e\000r\000o}{section.6.2}% 132
